<?xml version="1.0" encoding="UTF-8"?>
<!-- Generated by org.testng.reporters.JUnitReportReporter -->
<testsuite skipped="0" hostname="Manikants-MBP.home" name="com.dd.test.Homepage" tests="1" failures="0" timestamp="16 May 2021 06:13:25 GMT" time="8.411" errors="0">
  <testcase name="verifyHomepageURL" time="8.411" classname="com.dd.test.Homepage"/>
</testsuite> <!-- com.dd.test.Homepage -->
